<?xml version="1.0" encoding="UTF-8"?>
<testsuite name="ru.stqa.pft.adressbook.tests.UserModificationTests" tests="1" skipped="0" failures="0" errors="0" timestamp="2021-04-14T07:19:24" hostname="R780" time="15.116">
  <properties/>
  <testcase name="testUserModification" classname="ru.stqa.pft.adressbook.tests.UserModificationTests" time="15.116"/>
  <system-out><![CDATA[]]></system-out>
  <system-err><![CDATA[]]></system-err>
</testsuite>
