<?xml version="1.0" encoding="UTF-8"?>
<testsuite name="ru.stqa.pft.adressbook.tests.UserDeletionTests" tests="1" skipped="0" failures="0" errors="0" timestamp="2021-04-14T07:19:45" hostname="R780" time="11.873">
  <properties/>
  <testcase name="testUserDeletion" classname="ru.stqa.pft.adressbook.tests.UserDeletionTests" time="11.873"/>
  <system-out><![CDATA[[UserData{id='168', name='Andrey 4', surname='Rublev 4'}, UserData{id='185', name='Andrey 1', surname='Rublev 1'}, UserData{id='143', name='Andrey', surname='Rublev'}, UserData{id='141', name='Andrey', surname='Rublev'}, UserData{id='192', name='Andrey 3', surname='Rublev 3'}, UserData{id='182', name='Andrey 3', surname='Rublev 3'}, UserData{id='160', name='Andrey', surname='Rublev'}, UserData{id='170', name='Andrey 1', surname='Rublev 1'}, UserData{id='158', name='Andrey', surname='Rublev'}, UserData{id='156', name='Andrey', surname='Rublev'}, UserData{id='154', name='Andrey', surname='Rublev'}, UserData{id='171', name='Andrey Ivanovich', surname='Rublev'}, UserData{id='152', name='Andrey', surname='Rublev'}, UserData{id='150', name='Andrey', surname='Rublev'}, UserData{id='148', name='Andrey', surname='Rublev'}, UserData{id='146', name='Andrey', surname='Rublev'}, UserData{id='167', name='Andrey 3', surname='Rublev 3'}, UserData{id='188', name='Andrey 4', surname='Rublev 4'}, UserData{id='191', name='Andrey 2', surname='Rublev 2'}, UserData{id='178', name='Andrey 4', surname='Rublev 4'}, UserData{id='181', name='Andrey 2', surname='Rublev 2'}, UserData{id='162', name='Andrey', surname='Rublev'}, UserData{id='184', name='Andrey 0', surname='Rublev 0'}, UserData{id='169', name='Andrey 0', surname='Rublev 0'}, UserData{id='173', name='Andrey 4', surname='Rublev 4'}, UserData{id='176', name='Andrey 2', surname='Rublev 2'}, UserData{id='166', name='Andrey 2', surname='Rublev 2'}, UserData{id='144', name='Andrey', surname='Rublev'}, UserData{id='142', name='Andrey', surname='Rublev'}, UserData{id='187', name='Andrey 3', surname='Rublev 3'}, UserData{id='140', name='Andrey', surname='Rublev'}, UserData{id='190', name='Andrey 1', surname='Rublev 1'}, UserData{id='177', name='Andrey 3', surname='Rublev 3'}, UserData{id='180', name='Andrey 1', surname='Rublev 1'}, UserData{id='159', name='Andrey', surname='Rublev'}, UserData{id='157', name='Andrey', surname='Rublev'}, UserData{id='172', name='Andrey 3', surname='Rublev 3'}, UserData{id='155', name='Andrey', surname='Rublev'}, UserData{id='175', name='Andrey 1', surname='Rublev 1'}, UserData{id='153', name='Andrey', surname='Rublev'}, UserData{id='193', name='Andrey 0', surname='Rublev 0'}, UserData{id='151', name='Andrey', surname='Rublev'}, UserData{id='149', name='Andrey', surname='Rublev'}, UserData{id='165', name='Andrey 1', surname='Rublev 1'}, UserData{id='147', name='Andrey', surname='Rublev'}, UserData{id='164', name='Andrey Ivanovich', surname='Rublev'}, UserData{id='145', name='Andrey', surname='Rublev'}, UserData{id='186', name='Andrey 2', surname='Rublev 2'}, UserData{id='189', name='Andrey 0', surname='Rublev 0'}, UserData{id='179', name='Andrey 0', surname='Rublev 0'}, UserData{id='163', name='Andrey', surname='Rublev'}, UserData{id='183', name='Andrey 4', surname='Rublev 4'}, UserData{id='161', name='Andrey', surname='Rublev'}]
[UserData{id='185', name='Andrey 1', surname='Rublev 1'}, UserData{id='143', name='Andrey', surname='Rublev'}, UserData{id='141', name='Andrey', surname='Rublev'}, UserData{id='192', name='Andrey 3', surname='Rublev 3'}, UserData{id='182', name='Andrey 3', surname='Rublev 3'}, UserData{id='160', name='Andrey', surname='Rublev'}, UserData{id='170', name='Andrey 1', surname='Rublev 1'}, UserData{id='158', name='Andrey', surname='Rublev'}, UserData{id='156', name='Andrey', surname='Rublev'}, UserData{id='154', name='Andrey', surname='Rublev'}, UserData{id='171', name='Andrey Ivanovich', surname='Rublev'}, UserData{id='152', name='Andrey', surname='Rublev'}, UserData{id='150', name='Andrey', surname='Rublev'}, UserData{id='148', name='Andrey', surname='Rublev'}, UserData{id='146', name='Andrey', surname='Rublev'}, UserData{id='167', name='Andrey 3', surname='Rublev 3'}, UserData{id='188', name='Andrey 4', surname='Rublev 4'}, UserData{id='191', name='Andrey 2', surname='Rublev 2'}, UserData{id='178', name='Andrey 4', surname='Rublev 4'}, UserData{id='181', name='Andrey 2', surname='Rublev 2'}, UserData{id='162', name='Andrey', surname='Rublev'}, UserData{id='184', name='Andrey 0', surname='Rublev 0'}, UserData{id='169', name='Andrey 0', surname='Rublev 0'}, UserData{id='173', name='Andrey 4', surname='Rublev 4'}, UserData{id='176', name='Andrey 2', surname='Rublev 2'}, UserData{id='166', name='Andrey 2', surname='Rublev 2'}, UserData{id='144', name='Andrey', surname='Rublev'}, UserData{id='142', name='Andrey', surname='Rublev'}, UserData{id='187', name='Andrey 3', surname='Rublev 3'}, UserData{id='140', name='Andrey', surname='Rublev'}, UserData{id='190', name='Andrey 1', surname='Rublev 1'}, UserData{id='177', name='Andrey 3', surname='Rublev 3'}, UserData{id='180', name='Andrey 1', surname='Rublev 1'}, UserData{id='159', name='Andrey', surname='Rublev'}, UserData{id='157', name='Andrey', surname='Rublev'}, UserData{id='172', name='Andrey 3', surname='Rublev 3'}, UserData{id='155', name='Andrey', surname='Rublev'}, UserData{id='175', name='Andrey 1', surname='Rublev 1'}, UserData{id='153', name='Andrey', surname='Rublev'}, UserData{id='193', name='Andrey 0', surname='Rublev 0'}, UserData{id='151', name='Andrey', surname='Rublev'}, UserData{id='149', name='Andrey', surname='Rublev'}, UserData{id='165', name='Andrey 1', surname='Rublev 1'}, UserData{id='147', name='Andrey', surname='Rublev'}, UserData{id='164', name='Andrey Ivanovich', surname='Rublev'}, UserData{id='145', name='Andrey', surname='Rublev'}, UserData{id='186', name='Andrey 2', surname='Rublev 2'}, UserData{id='189', name='Andrey 0', surname='Rublev 0'}, UserData{id='179', name='Andrey 0', surname='Rublev 0'}, UserData{id='163', name='Andrey', surname='Rublev'}, UserData{id='183', name='Andrey 4', surname='Rublev 4'}, UserData{id='161', name='Andrey', surname='Rublev'}]
]]></system-out>
  <system-err><![CDATA[]]></system-err>
</testsuite>
